<?xml version="1.0" encoding="UTF-8"?>
<testsuite xmlns:xsi="http://www.w3.org/2001/XMLSchema-instance" xsi:noNamespaceSchemaLocation="https://maven.apache.org/surefire/maven-surefire-plugin/xsd/surefire-test-report-3.0.xsd" version="3.0" name="defix.coffeedelivery.test.controller.CatalogControllerTests" time="5.273" tests="4" errors="0" skipped="0" failures="0">
  <properties>
[...]
</properties>
  <testcase name="testChangeFilterType" classname="defix.coffeedelivery.test.controller.CatalogControllerTests" time="0.145">
    <system-out><![CDATA[16:58:12.191 [main] INFO org.springframework.test.context.support.AnnotationConfigContextLoaderUtils -- Could not detect default configuration classes for test class [defix.coffeedelivery.test.controller.CatalogControllerTests]: CatalogControllerTests does not declare any static, non-private, non-final, nested classes annotated with @Configuration.
16:58:12.264 [main] INFO org.springframework.boot.test.context.SpringBootTestContextBootstrapper -- Found @SpringBootConfiguration defix.coffeedelivery.PetProjectCoffeeDeliveryApplication for test class defix.coffeedelivery.test.controller.CatalogControllerTests
16:58:12.339 [main] INFO org.springframework.boot.devtools.restart.RestartApplicationListener -- Restart disabled due to context in which it is running

  .   ____          _            __ _ _
 /\\ / ___'_ __ _ _(_)_ __  __ _ \ \ \ \
( ( )\___ | '_ | '_| | '_ \/ _` | \ \ \ \
 \\/  ___)| |_)| | | | | || (_| |  ) ) ) )
  '  |____| .__|_| |_|_| |_\__, | / / / /
 =========|_|==============|___/=/_/_/_/
 :: Spring Boot ::                (v3.2.5)

2025-04-16T16:58:12.507+03:00  WARN 26155 --- [CoffeeDelivery] [           main] ory$DuplicateJsonObjectContextCustomizer : 

Found multiple occurrences of org.json.JSONObject on the class path:

	jar:file:/home/d3fix/.m2/repository/com/vaadin/external/google/android-json/0.0.20131108.vaadin1/android-json-0.0.20131108.vaadin1.jar!/org/json/JSONObject.class
	jar:file:/home/d3fix/.m2/repository/org/json/json/20231013/json-20231013.jar!/org/json/JSONObject.class

You may wish to exclude one of them to ensure predictable runtime behavior

2025-04-16T16:58:12.519+03:00  INFO 26155 --- [CoffeeDelivery] [           main] d.c.t.controller.CatalogControllerTests  : Starting CatalogControllerTests using Java 21.0.2 with PID 26155 (started by d3fix in /home/d3fix/IdeaProjects/pet-project-coffee-delivery)
2025-04-16T16:58:12.521+03:00  INFO 26155 --- [CoffeeDelivery] [           main] d.c.t.controller.CatalogControllerTests  : No active profile set, falling back to 1 default profile: "default"
2025-04-16T16:58:13.061+03:00  INFO 26155 --- [CoffeeDelivery] [           main] .s.d.r.c.RepositoryConfigurationDelegate : Multiple Spring Data modules found, entering strict repository configuration mode
2025-04-16T16:58:13.062+03:00  INFO 26155 --- [CoffeeDelivery] [           main] .s.d.r.c.RepositoryConfigurationDelegate : Bootstrapping Spring Data JPA repositories in DEFAULT mode.
2025-04-16T16:58:13.103+03:00  INFO 26155 --- [CoffeeDelivery] [           main] .s.d.r.c.RepositoryConfigurationDelegate : Finished Spring Data repository scanning in 37 ms. Found 6 JPA repository interfaces.
2025-04-16T16:58:13.113+03:00  INFO 26155 --- [CoffeeDelivery] [           main] .s.d.r.c.RepositoryConfigurationDelegate : Multiple Spring Data modules found, entering strict repository configuration mode
2025-04-16T16:58:13.114+03:00  INFO 26155 --- [CoffeeDelivery] [           main] .s.d.r.c.RepositoryConfigurationDelegate : Bootstrapping Spring Data Redis repositories in DEFAULT mode.
2025-04-16T16:58:13.123+03:00  INFO 26155 --- [CoffeeDelivery] [           main] .RepositoryConfigurationExtensionSupport : Spring Data Redis - Could not safely identify store assignment for repository candidate interface defix.coffeedelivery.common.db.repository.AccountRepository; If you want this repository to be a Redis repository, consider annotating your entities with one of these annotations: org.springframework.data.redis.core.RedisHash (preferred), or consider extending one of the following types with your repository: org.springframework.data.keyvalue.repository.KeyValueRepository
2025-04-16T16:58:13.123+03:00  INFO 26155 --- [CoffeeDelivery] [           main] .RepositoryConfigurationExtensionSupport : Spring Data Redis - Could not safely identify store assignment for repository candidate interface defix.coffeedelivery.common.db.repository.BasketRepository; If you want this repository to be a Redis repository, consider annotating your entities with one of these annotations: org.springframework.data.redis.core.RedisHash (preferred), or consider extending one of the following types with your repository: org.springframework.data.keyvalue.repository.KeyValueRepository
2025-04-16T16:58:13.123+03:00  INFO 26155 --- [CoffeeDelivery] [           main] .RepositoryConfigurationExtensionSupport : Spring Data Redis - Could not safely identify store assignment for repository candidate interface defix.coffeedelivery.common.db.repository.CurrentOrderRepository; If you want this repository to be a Redis repository, consider annotating your entities with one of these annotations: org.springframework.data.redis.core.RedisHash (preferred), or consider extending one of the following types with your repository: org.springframework.data.keyvalue.repository.KeyValueRepository
2025-04-16T16:58:13.123+03:00  INFO 26155 --- [CoffeeDelivery] [           main] .RepositoryConfigurationExtensionSupport : Spring Data Redis - Could not safely identify store assignment for repository candidate interface defix.coffeedelivery.common.db.repository.ProductRepository; If you want this repository to be a Redis repository, consider annotating your entities with one of these annotations: org.springframework.data.redis.core.RedisHash (preferred), or consider extending one of the following types with your repository: org.springframework.data.keyvalue.repository.KeyValueRepository
2025-04-16T16:58:13.124+03:00  INFO 26155 --- [CoffeeDelivery] [           main] .RepositoryConfigurationExtensionSupport : Spring Data Redis - Could not safely identify store assignment for repository candidate interface defix.coffeedelivery.common.db.repository.RoleRepository; If you want this repository to be a Redis repository, consider annotating your entities with one of these annotations: org.springframework.data.redis.core.RedisHash (preferred), or consider extending one of the following types with your repository: org.springframework.data.keyvalue.repository.KeyValueRepository
2025-04-16T16:58:13.124+03:00  INFO 26155 --- [CoffeeDelivery] [           main] .RepositoryConfigurationExtensionSupport : Spring Data Redis - Could not safely identify store assignment for repository candidate interface defix.coffeedelivery.common.db.repository.TimeOrderRepository; If you want this repository to be a Redis repository, consider annotating your entities with one of these annotations: org.springframework.data.redis.core.RedisHash (preferred), or consider extending one of the following types with your repository: org.springframework.data.keyvalue.repository.KeyValueRepository
2025-04-16T16:58:13.124+03:00  INFO 26155 --- [CoffeeDelivery] [           main] .s.d.r.c.RepositoryConfigurationDelegate : Finished Spring Data repository scanning in 5 ms. Found 0 Redis repository interfaces.
2025-04-16T16:58:14.298+03:00  INFO 26155 --- [CoffeeDelivery] [           main] o.hibernate.jpa.internal.util.LogHelper  : HHH000204: Processing PersistenceUnitInfo [name: default]
2025-04-16T16:58:14.352+03:00  INFO 26155 --- [CoffeeDelivery] [           main] org.hibernate.Version                    : HHH000412: Hibernate ORM core version 6.5.1.Final
2025-04-16T16:58:14.393+03:00  INFO 26155 --- [CoffeeDelivery] [           main] o.h.c.internal.RegionFactoryInitiator    : HHH000026: Second-level cache disabled
2025-04-16T16:58:14.470+03:00  INFO 26155 --- [CoffeeDelivery] [           main] o.s.o.j.p.SpringPersistenceUnitInfo      : No LoadTimeWeaver setup: ignoring JPA class transformer
2025-04-16T16:58:14.487+03:00  INFO 26155 --- [CoffeeDelivery] [           main] com.zaxxer.hikari.HikariDataSource       : HikariPool-1 - Starting...
2025-04-16T16:58:14.660+03:00  INFO 26155 --- [CoffeeDelivery] [           main] com.zaxxer.hikari.pool.HikariPool        : HikariPool-1 - Added connection org.postgresql.jdbc.PgConnection@4a5066f5
2025-04-16T16:58:14.662+03:00  INFO 26155 --- [CoffeeDelivery] [           main] com.zaxxer.hikari.HikariDataSource       : HikariPool-1 - Start completed.
2025-04-16T16:58:15.382+03:00  INFO 26155 --- [CoffeeDelivery] [           main] o.h.e.t.j.p.i.JtaPlatformInitiator       : HHH000489: No JTA platform available (set 'hibernate.transaction.jta.platform' to enable JTA platform integration)
2025-04-16T16:58:15.506+03:00  INFO 26155 --- [CoffeeDelivery] [           main] j.LocalContainerEntityManagerFactoryBean : Initialized JPA EntityManagerFactory for persistence unit 'default'
2025-04-16T16:58:15.764+03:00  INFO 26155 --- [CoffeeDelivery] [           main] o.s.d.j.r.query.QueryEnhancerFactory     : Hibernate is in classpath; If applicable, HQL parser will be used.
2025-04-16T16:58:16.371+03:00  WARN 26155 --- [CoffeeDelivery] [           main] JpaBaseConfiguration$JpaWebConfiguration : spring.jpa.open-in-view is enabled by default. Therefore, database queries may be performed during view rendering. Explicitly configure spring.jpa.open-in-view to disable this warning
2025-04-16T16:58:16.653+03:00  INFO 26155 --- [CoffeeDelivery] [           main] o.s.s.web.DefaultSecurityFilterChain     : Will secure any request with [org.springframework.security.web.session.DisableEncodeUrlFilter@219aab91, org.springframework.security.web.context.request.async.WebAsyncManagerIntegrationFilter@71737478, org.springframework.security.web.context.SecurityContextHolderFilter@77f43f3e, org.springframework.security.web.header.HeaderWriterFilter@223c42b0, org.springframework.web.filter.CorsFilter@64001530, org.springframework.security.web.authentication.logout.LogoutFilter@2f229f60, org.springframework.security.web.authentication.UsernamePasswordAuthenticationFilter@5a69f1ef, org.springframework.security.web.savedrequest.RequestCacheAwareFilter@2b35976a, org.springframework.security.web.servletapi.SecurityContextHolderAwareRequestFilter@67c64b9c, org.springframework.security.web.authentication.AnonymousAuthenticationFilter@1f9b8c23, org.springframework.security.web.access.ExceptionTranslationFilter@2102eb7a, org.springframework.security.web.access.intercept.AuthorizationFilter@15a8b228]
2025-04-16T16:58:17.104+03:00  INFO 26155 --- [CoffeeDelivery] [           main] o.s.b.t.m.w.SpringBootMockServletContext : Initializing Spring TestDispatcherServlet ''
2025-04-16T16:58:17.105+03:00  INFO 26155 --- [CoffeeDelivery] [           main] o.s.t.web.servlet.TestDispatcherServlet  : Initializing Servlet ''
2025-04-16T16:58:17.107+03:00  INFO 26155 --- [CoffeeDelivery] [           main] o.s.t.web.servlet.TestDispatcherServlet  : Completed initialization in 2 ms
2025-04-16T16:58:17.140+03:00  INFO 26155 --- [CoffeeDelivery] [           main] d.c.t.controller.CatalogControllerTests  : Started CatalogControllerTests in 4.806 seconds (process running for 5.354)
2025-04-16T16:58:17.211+03:00 DEBUG 26155 --- [CoffeeDelivery] [           main] w.c.HttpSessionSecurityContextRepository : Created HttpSession as SecurityContext is non-default
2025-04-16T16:58:17.212+03:00 DEBUG 26155 --- [CoffeeDelivery] [           main] w.c.HttpSessionSecurityContextRepository : Stored SecurityContextImpl [Authentication=UsernamePasswordAuthenticationToken [Principal=org.springframework.security.core.userdetails.User [Username=user, Password=[PROTECTED], Enabled=true, AccountNonExpired=true, CredentialsNonExpired=true, AccountNonLocked=true, Granted Authorities=[ROLE_USER]], Credentials=[PROTECTED], Authenticated=true, Details=null, Granted Authorities=[ROLE_USER]]] to HttpSession [org.springframework.mock.web.MockHttpSession@1531fbc8]
2025-04-16T16:58:17.223+03:00 DEBUG 26155 --- [CoffeeDelivery] [           main] o.s.security.web.FilterChainProxy        : Securing POST /catalog/change_filter_type
2025-04-16T16:58:17.230+03:00 DEBUG 26155 --- [CoffeeDelivery] [           main] w.c.HttpSessionSecurityContextRepository : Retrieved SecurityContextImpl [Authentication=UsernamePasswordAuthenticationToken [Principal=org.springframework.security.core.userdetails.User [Username=user, Password=[PROTECTED], Enabled=true, AccountNonExpired=true, CredentialsNonExpired=true, AccountNonLocked=true, Granted Authorities=[ROLE_USER]], Credentials=[PROTECTED], Authenticated=true, Details=null, Granted Authorities=[ROLE_USER]]]
2025-04-16T16:58:17.230+03:00 DEBUG 26155 --- [CoffeeDelivery] [           main] o.s.security.web.FilterChainProxy        : Secured POST /catalog/change_filter_type
]]></system-out>
    <system-err><![CDATA[WARNING: A Java agent has been loaded dynamically (/home/d3fix/.m2/repository/net/bytebuddy/byte-buddy-agent/1.14.13/byte-buddy-agent-1.14.13.jar)
WARNING: If a serviceability tool is in use, please run with -XX:+EnableDynamicAgentLoading to hide this warning
WARNING: If a serviceability tool is not in use, please run with -Djdk.instrument.traceUsage for more information
WARNING: Dynamic loading of agents will be disallowed by default in a future release
]]></system-err>
  </testcase>
  <testcase name="testChangeFilterMinPrice" classname="defix.coffeedelivery.test.controller.CatalogControllerTests" time="0.012">
    <system-out><![CDATA[2025-04-16T16:58:17.317+03:00 DEBUG 26155 --- [CoffeeDelivery] [           main] w.c.HttpSessionSecurityContextRepository : Created HttpSession as SecurityContext is non-default
2025-04-16T16:58:17.317+03:00 DEBUG 26155 --- [CoffeeDelivery] [           main] w.c.HttpSessionSecurityContextRepository : Stored SecurityContextImpl [Authentication=UsernamePasswordAuthenticationToken [Principal=org.springframework.security.core.userdetails.User [Username=user, Password=[PROTECTED], Enabled=true, AccountNonExpired=true, CredentialsNonExpired=true, AccountNonLocked=true, Granted Authorities=[ROLE_USER]], Credentials=[PROTECTED], Authenticated=true, Details=null, Granted Authorities=[ROLE_USER]]] to HttpSession [org.springframework.mock.web.MockHttpSession@735c0454]
2025-04-16T16:58:17.318+03:00 DEBUG 26155 --- [CoffeeDelivery] [           main] o.s.security.web.FilterChainProxy        : Securing POST /catalog/change_filter_minPrice
2025-04-16T16:58:17.318+03:00 DEBUG 26155 --- [CoffeeDelivery] [           main] w.c.HttpSessionSecurityContextRepository : Retrieved SecurityContextImpl [Authentication=UsernamePasswordAuthenticationToken [Principal=org.springframework.security.core.userdetails.User [Username=user, Password=[PROTECTED], Enabled=true, AccountNonExpired=true, CredentialsNonExpired=true, AccountNonLocked=true, Granted Authorities=[ROLE_USER]], Credentials=[PROTECTED], Authenticated=true, Details=null, Granted Authorities=[ROLE_USER]]]
2025-04-16T16:58:17.318+03:00 DEBUG 26155 --- [CoffeeDelivery] [           main] o.s.security.web.FilterChainProxy        : Secured POST /catalog/change_filter_minPrice
]]></system-out>
  </testcase>
  <testcase name="testChangeFilterMaxPrice" classname="defix.coffeedelivery.test.controller.CatalogControllerTests" time="0.011">
    <system-out><![CDATA[2025-04-16T16:58:17.330+03:00 DEBUG 26155 --- [CoffeeDelivery] [           main] w.c.HttpSessionSecurityContextRepository : Created HttpSession as SecurityContext is non-default
2025-04-16T16:58:17.330+03:00 DEBUG 26155 --- [CoffeeDelivery] [           main] w.c.HttpSessionSecurityContextRepository : Stored SecurityContextImpl [Authentication=UsernamePasswordAuthenticationToken [Principal=org.springframework.security.core.userdetails.User [Username=user, Password=[PROTECTED], Enabled=true, AccountNonExpired=true, CredentialsNonExpired=true, AccountNonLocked=true, Granted Authorities=[ROLE_USER]], Credentials=[PROTECTED], Authenticated=true, Details=null, Granted Authorities=[ROLE_USER]]] to HttpSession [org.springframework.mock.web.MockHttpSession@7269674d]
2025-04-16T16:58:17.331+03:00 DEBUG 26155 --- [CoffeeDelivery] [           main] o.s.security.web.FilterChainProxy        : Securing POST /catalog/change_filter_maxPrice
2025-04-16T16:58:17.331+03:00 DEBUG 26155 --- [CoffeeDelivery] [           main] w.c.HttpSessionSecurityContextRepository : Retrieved SecurityContextImpl [Authentication=UsernamePasswordAuthenticationToken [Principal=org.springframework.security.core.userdetails.User [Username=user, Password=[PROTECTED], Enabled=true, AccountNonExpired=true, CredentialsNonExpired=true, AccountNonLocked=true, Granted Authorities=[ROLE_USER]], Credentials=[PROTECTED], Authenticated=true, Details=null, Granted Authorities=[ROLE_USER]]]
2025-04-16T16:58:17.331+03:00 DEBUG 26155 --- [CoffeeDelivery] [           main] o.s.security.web.FilterChainProxy        : Secured POST /catalog/change_filter_maxPrice
]]></system-out>
  </testcase>
  <testcase name="testAddToBasket" classname="defix.coffeedelivery.test.controller.CatalogControllerTests" time="0.011">
    <system-out><![CDATA[2025-04-16T16:58:17.343+03:00 DEBUG 26155 --- [CoffeeDelivery] [           main] w.c.HttpSessionSecurityContextRepository : Created HttpSession as SecurityContext is non-default
2025-04-16T16:58:17.343+03:00 DEBUG 26155 --- [CoffeeDelivery] [           main] w.c.HttpSessionSecurityContextRepository : Stored SecurityContextImpl [Authentication=UsernamePasswordAuthenticationToken [Principal=org.springframework.security.core.userdetails.User [Username=user, Password=[PROTECTED], Enabled=true, AccountNonExpired=true, CredentialsNonExpired=true, AccountNonLocked=true, Granted Authorities=[ROLE_USER]], Credentials=[PROTECTED], Authenticated=true, Details=null, Granted Authorities=[ROLE_USER]]] to HttpSession [org.springframework.mock.web.MockHttpSession@450555ac]
2025-04-16T16:58:17.344+03:00 DEBUG 26155 --- [CoffeeDelivery] [           main] o.s.security.web.FilterChainProxy        : Securing POST /catalog/add_to_basket
2025-04-16T16:58:17.344+03:00 DEBUG 26155 --- [CoffeeDelivery] [           main] w.c.HttpSessionSecurityContextRepository : Retrieved SecurityContextImpl [Authentication=UsernamePasswordAuthenticationToken [Principal=org.springframework.security.core.userdetails.User [Username=user, Password=[PROTECTED], Enabled=true, AccountNonExpired=true, CredentialsNonExpired=true, AccountNonLocked=true, Granted Authorities=[ROLE_USER]], Credentials=[PROTECTED], Authenticated=true, Details=null, Granted Authorities=[ROLE_USER]]]
2025-04-16T16:58:17.344+03:00 DEBUG 26155 --- [CoffeeDelivery] [           main] o.s.security.web.FilterChainProxy        : Secured POST /catalog/add_to_basket
]]></system-out>
  </testcase>
</testsuite>